<?xml version='1.0' encoding='UTF-8'?>
<repository xmlns="http://www.osgi.org/xmlns/repository/v1.0.0" name="orch-app" increment="1555577719407">
  <resource>
    <capability namespace="osgi.identity">
      <attribute name="license" value="http://www.apache.org/licenses/LICENSE-2.0.txt"/>
      <attribute name="osgi.identity" value="org.apache.felix.webconsole"/>
      <attribute name="type" value="osgi.bundle"/>
      <attribute name="version" value="4.3.4" type="Version"/>
      <attribute name="documentation" value="http://felix.apache.org/site/apache-felix-web-console.html"/>
    </capability>
    <capability namespace="osgi.wiring.bundle">
      <attribute name="bundle-version" value="4.3.4" type="Version"/>
      <attribute name="osgi.wiring.bundle" value="org.apache.felix.webconsole"/>
    </capability>
    <capability namespace="osgi.wiring.host">
      <attribute name="bundle-version" value="4.3.4" type="Version"/>
      <attribute name="osgi.wiring.host" value="org.apache.felix.webconsole"/>
    </capability>
    <capability namespace="osgi.wiring.package">
      <directive name="uses" value="javax.servlet,javax.servlet.http,org.osgi.framework"/>
      <attribute name="version" value="3.3.0" type="Version"/>
      <attribute name="osgi.wiring.package" value="org.apache.felix.webconsole"/>
    </capability>
    <capability namespace="osgi.wiring.package">
      <directive name="uses" value="org.osgi.framework"/>
      <attribute name="version" value="1.0.0" type="Version"/>
      <attribute name="osgi.wiring.package" value="org.apache.felix.webconsole.bundleinfo"/>
    </capability>
    <capability namespace="osgi.wiring.package">
      <directive name="uses" value="org.osgi.framework"/>
      <attribute name="version" value="1.0.0" type="Version"/>
      <attribute name="osgi.wiring.package" value="org.apache.felix.webconsole.i18n"/>
    </capability>
    <capability namespace="osgi.content">
      <attribute name="size" value="477594" type="Long"/>
      <attribute name="url" value="file:/home/baouyaa/.m2/repository/org/apache/felix/org.apache.felix.webconsole/4.3.4/org.apache.felix.webconsole-4.3.4.jar"/>
      <attribute name="mime" value="application/vnd.osgi.bundle"/>
      <attribute name="osgi.content" value="40E426C13F908DAB716241C96B208BE73FD4188629C187B3991ACB9F340CFF8A"/>
    </capability>
    <requirement namespace="osgi.wiring.package">
      <directive name="filter" value="(&amp;(osgi.wiring.package=javax.servlet)(&amp;(version&gt;=2.4.0)(!(version&gt;=4.0.0))))"/>
    </requirement>
    <requirement namespace="osgi.wiring.package">
      <directive name="filter" value="(&amp;(osgi.wiring.package=javax.servlet.http)(&amp;(version&gt;=2.4.0)(!(version&gt;=4.0.0))))"/>
    </requirement>
    <requirement namespace="osgi.wiring.package">
      <directive name="filter" value="(&amp;(osgi.wiring.package=org.apache.commons.io)(&amp;(version&gt;=1.4.0)(!(version&gt;=3.0.0))))"/>
    </requirement>
    <requirement namespace="osgi.wiring.package">
      <directive name="filter" value="(&amp;(osgi.wiring.package=org.apache.commons.fileupload)(&amp;(version&gt;=1.2.0)(!(version&gt;=2.0.0))))"/>
    </requirement>
    <requirement namespace="osgi.wiring.package">
      <directive name="filter" value="(&amp;(osgi.wiring.package=org.apache.commons.fileupload.disk)(&amp;(version&gt;=1.2.0)(!(version&gt;=2.0.0))))"/>
    </requirement>
    <requirement namespace="osgi.wiring.package">
      <directive name="filter" value="(&amp;(osgi.wiring.package=org.apache.commons.fileupload.servlet)(&amp;(version&gt;=1.2.0)(!(version&gt;=2.0.0))))"/>
    </requirement>
    <requirement namespace="osgi.wiring.package">
      <directive name="filter" value="(&amp;(osgi.wiring.package=org.apache.felix.webconsole)(&amp;(version&gt;=3.3.0)(!(version&gt;=3.4.0))))"/>
    </requirement>
    <requirement namespace="osgi.wiring.package">
      <directive name="filter" value="(&amp;(osgi.wiring.package=org.apache.felix.webconsole.bundleinfo)(&amp;(version&gt;=1.0.0)(!(version&gt;=1.1.0))))"/>
    </requirement>
    <requirement namespace="osgi.wiring.package">
      <directive name="filter" value="(&amp;(osgi.wiring.package=org.osgi.framework)(&amp;(version&gt;=1.6.0)(!(version&gt;=2.0.0))))"/>
    </requirement>
    <requirement namespace="osgi.wiring.package">
      <directive name="filter" value="(&amp;(osgi.wiring.package=org.osgi.service.http)(&amp;(version&gt;=1.2.0)(!(version&gt;=2.0.0))))"/>
    </requirement>
    <requirement namespace="osgi.wiring.package">
      <directive name="filter" value="(&amp;(osgi.wiring.package=org.osgi.service.packageadmin)(&amp;(version&gt;=1.2.0)(!(version&gt;=2.0.0))))"/>
    </requirement>
    <requirement namespace="osgi.wiring.package">
      <directive name="filter" value="(&amp;(osgi.wiring.package=org.osgi.service.startlevel)(&amp;(version&gt;=1.1.0)(!(version&gt;=2.0.0))))"/>
    </requirement>
    <requirement namespace="osgi.wiring.package">
      <directive name="filter" value="(&amp;(osgi.wiring.package=org.osgi.util.tracker)(&amp;(version&gt;=1.3.0)(!(version&gt;=2.0.0))))"/>
    </requirement>
    <requirement namespace="osgi.ee">
      <directive name="filter" value="(&amp;(osgi.ee=JavaSE)(version=1.6))"/>
    </requirement>
  </resource>
  <resource>
    <capability namespace="osgi.identity">
      <attribute name="license" value="http://www.apache.org/licenses/LICENSE-2.0.txt"/>
      <attribute name="osgi.identity" value="org.apache.felix.webconsole.plugins.ds"/>
      <attribute name="type" value="osgi.bundle"/>
      <attribute name="version" value="2.0.8" type="Version"/>
      <attribute name="documentation" value="http://www.apache.org/"/>
    </capability>
    <capability namespace="osgi.wiring.bundle">
      <attribute name="bundle-version" value="2.0.8" type="Version"/>
      <attribute name="osgi.wiring.bundle" value="org.apache.felix.webconsole.plugins.ds"/>
    </capability>
    <capability namespace="osgi.wiring.host">
      <attribute name="bundle-version" value="2.0.8" type="Version"/>
      <attribute name="osgi.wiring.host" value="org.apache.felix.webconsole.plugins.ds"/>
    </capability>
    <capability namespace="osgi.content">
      <attribute name="size" value="46610" type="Long"/>
      <attribute name="url" value="file:/home/baouyaa/.m2/repository/org/apache/felix/org.apache.felix.webconsole.plugins.ds/2.0.8/org.apache.felix.webconsole.plugins.ds-2.0.8.jar"/>
      <attribute name="mime" value="application/vnd.osgi.bundle"/>
      <attribute name="osgi.content" value="94E37DA01C9A771045C0A6F3B29FB03A72CD77479E269F7B26E7E9557D7CE9F8"/>
    </capability>
    <requirement namespace="osgi.wiring.package">
      <directive name="filter" value="(&amp;(osgi.wiring.package=org.osgi.service.cm)(&amp;(version&gt;=1.2.0)(!(version&gt;=2.0.0))))"/>
      <directive name="resolution" value="optional"/>
    </requirement>
    <requirement namespace="osgi.wiring.package">
      <directive name="filter" value="(&amp;(osgi.wiring.package=org.osgi.service.metatype)(&amp;(version&gt;=1.2.0)(!(version&gt;=2.0.0))))"/>
      <directive name="resolution" value="optional"/>
    </requirement>
    <requirement namespace="osgi.wiring.package">
      <directive name="filter" value="(&amp;(osgi.wiring.package=javax.servlet))"/>
    </requirement>
    <requirement namespace="osgi.wiring.package">
      <directive name="filter" value="(&amp;(osgi.wiring.package=javax.servlet.http))"/>
    </requirement>
    <requirement namespace="osgi.wiring.package">
      <directive name="filter" value="(&amp;(osgi.wiring.package=org.apache.felix.inventory)(&amp;(version&gt;=1.0.0)(!(version&gt;=2.0.0))))"/>
    </requirement>
    <requirement namespace="osgi.wiring.package">
      <directive name="filter" value="(&amp;(osgi.wiring.package=org.apache.felix.webconsole)(&amp;(version&gt;=3.1.0)(!(version&gt;=4.0.0))))"/>
    </requirement>
    <requirement namespace="osgi.wiring.package">
      <directive name="filter" value="(&amp;(osgi.wiring.package=org.apache.felix.webconsole.bundleinfo)(&amp;(version&gt;=1.0.0)(!(version&gt;=2.0.0))))"/>
    </requirement>
    <requirement namespace="osgi.wiring.package">
      <directive name="filter" value="(&amp;(osgi.wiring.package=org.apache.felix.webconsole.i18n)(&amp;(version&gt;=1.0.0)(!(version&gt;=2.0.0))))"/>
    </requirement>
    <requirement namespace="osgi.wiring.package">
      <directive name="filter" value="(&amp;(osgi.wiring.package=org.osgi.framework)(&amp;(version&gt;=1.8.0)(!(version&gt;=2.0.0))))"/>
    </requirement>
    <requirement namespace="osgi.wiring.package">
      <directive name="filter" value="(&amp;(osgi.wiring.package=org.osgi.framework.dto)(&amp;(version&gt;=1.8.0)(!(version&gt;=2.0.0))))"/>
    </requirement>
    <requirement namespace="osgi.wiring.package">
      <directive name="filter" value="(&amp;(osgi.wiring.package=org.osgi.service.component.runtime)(&amp;(version&gt;=1.3.0)(!(version&gt;=2.0.0))))"/>
    </requirement>
    <requirement namespace="osgi.wiring.package">
      <directive name="filter" value="(&amp;(osgi.wiring.package=org.osgi.service.component.runtime.dto)(&amp;(version&gt;=1.3.0)(!(version&gt;=2.0.0))))"/>
    </requirement>
    <requirement namespace="osgi.wiring.package">
      <directive name="filter" value="(&amp;(osgi.wiring.package=org.osgi.util.promise)(&amp;(version&gt;=1.0.0)(!(version&gt;=2.0.0))))"/>
    </requirement>
    <requirement namespace="osgi.wiring.package">
      <directive name="filter" value="(&amp;(osgi.wiring.package=org.osgi.util.tracker)(&amp;(version&gt;=1.5.0)(!(version&gt;=2.0.0))))"/>
    </requirement>
    <requirement namespace="osgi.ee">
      <directive name="filter" value="(&amp;(osgi.ee=JavaSE)(version=1.5))"/>
    </requirement>
  </resource>
  <resource>
    <capability namespace="osgi.identity">
      <attribute name="license" value="http://www.apache.org/licenses/LICENSE-2.0.txt"/>
      <attribute name="osgi.identity" value="org.apache.felix.inventory"/>
      <attribute name="type" value="osgi.bundle"/>
      <attribute name="version" value="1.0.4" type="Version"/>
      <attribute name="documentation" value="http://www.apache.org/"/>
    </capability>
    <capability namespace="osgi.wiring.bundle">
      <attribute name="bundle-version" value="1.0.4" type="Version"/>
      <attribute name="osgi.wiring.bundle" value="org.apache.felix.inventory"/>
    </capability>
    <capability namespace="osgi.wiring.host">
      <attribute name="bundle-version" value="1.0.4" type="Version"/>
      <attribute name="osgi.wiring.host" value="org.apache.felix.inventory"/>
    </capability>
    <capability namespace="osgi.wiring.package">
      <attribute name="version" value="1.0.0" type="Version"/>
      <attribute name="osgi.wiring.package" value="org.apache.felix.inventory"/>
    </capability>
    <capability namespace="osgi.content">
      <attribute name="size" value="51176" type="Long"/>
      <attribute name="url" value="file:/home/baouyaa/.m2/repository/org/apache/felix/org.apache.felix.inventory/1.0.4/org.apache.felix.inventory-1.0.4.jar"/>
      <attribute name="mime" value="application/vnd.osgi.bundle"/>
      <attribute name="osgi.content" value="84784CD914A48D95A81329E6E3CB4586C344A020021300405B2C82058429439B"/>
    </capability>
    <requirement namespace="osgi.wiring.package">
      <directive name="filter" value="(&amp;(osgi.wiring.package=org.apache.felix.inventory)(&amp;(version&gt;=1.0.0)(!(version&gt;=2.0.0))))"/>
    </requirement>
    <requirement namespace="osgi.wiring.package">
      <directive name="filter" value="(&amp;(osgi.wiring.package=org.osgi.framework)(&amp;(version&gt;=1.5.0)(!(version&gt;=2.0.0))))"/>
    </requirement>
    <requirement namespace="osgi.wiring.package">
      <directive name="filter" value="(&amp;(osgi.wiring.package=org.osgi.service.log)(&amp;(version&gt;=1.3.0)(!(version&gt;=2.0.0))))"/>
    </requirement>
    <requirement namespace="osgi.wiring.package">
      <directive name="filter" value="(&amp;(osgi.wiring.package=org.osgi.util.tracker)(&amp;(version&gt;=1.4.0)(!(version&gt;=2.0.0))))"/>
    </requirement>
  </resource>
  <resource>
    <capability namespace="osgi.identity">
      <attribute name="license" value="http://www.apache.org/licenses/LICENSE-2.0.txt"/>
      <attribute name="osgi.identity" value="org.apache.felix.gogo.shell"/>
      <attribute name="type" value="osgi.bundle"/>
      <attribute name="version" value="1.0.0" type="Version"/>
      <attribute name="documentation" value="http://www.apache.org/"/>
    </capability>
    <capability namespace="osgi.wiring.bundle">
      <attribute name="bundle-version" value="1.0.0" type="Version"/>
      <attribute name="osgi.wiring.bundle" value="org.apache.felix.gogo.shell"/>
    </capability>
    <capability namespace="osgi.wiring.host">
      <attribute name="bundle-version" value="1.0.0" type="Version"/>
      <attribute name="osgi.wiring.host" value="org.apache.felix.gogo.shell"/>
    </capability>
    <capability namespace="osgi.content">
      <attribute name="size" value="57662" type="Long"/>
      <attribute name="url" value="file:/home/baouyaa/.m2/repository/org/apache/felix/org.apache.felix.gogo.shell/1.0.0/org.apache.felix.gogo.shell-1.0.0.jar"/>
      <attribute name="mime" value="application/vnd.osgi.bundle"/>
      <attribute name="osgi.content" value="BDA2C61372A924739778F8D3A75794E11753A056AFE9FE94ED06E14D441F1B6E"/>
    </capability>
    <requirement namespace="osgi.wiring.package">
      <directive name="filter" value="(&amp;(osgi.wiring.package=org.apache.felix.service.command)(&amp;(version&gt;=1.0.0)(!(version&gt;=2.0.0))))"/>
    </requirement>
    <requirement namespace="osgi.wiring.package">
      <directive name="filter" value="(&amp;(osgi.wiring.package=org.osgi.framework)(&amp;(version&gt;=1.6.0)(!(version&gt;=2.0.0))))"/>
    </requirement>
    <requirement namespace="osgi.wiring.package">
      <directive name="filter" value="(&amp;(osgi.wiring.package=org.osgi.service.startlevel)(&amp;(version&gt;=1.1.0)(!(version&gt;=2.0.0))))"/>
    </requirement>
    <requirement namespace="osgi.wiring.package">
      <directive name="filter" value="(&amp;(osgi.wiring.package=org.osgi.util.tracker)(&amp;(version&gt;=1.5.0)(!(version&gt;=2.0.0))))"/>
    </requirement>
    <requirement namespace="osgi.ee">
      <directive name="filter" value="(&amp;(osgi.ee=JavaSE)(version=1.7))"/>
    </requirement>
  </resource>
  <resource>
    <capability namespace="osgi.identity">
      <attribute name="osgi.identity" value="org.verimag.orchestrator.orch-app"/>
      <attribute name="type" value="osgi.bundle"/>
      <attribute name="version" value="0.0.1.201904180855" type="Version"/>
    </capability>
    <capability namespace="osgi.wiring.bundle">
      <attribute name="bundle-version" value="0.0.1.201904180855" type="Version"/>
      <attribute name="osgi.wiring.bundle" value="org.verimag.orchestrator.orch-app"/>
    </capability>
    <capability namespace="osgi.wiring.host">
      <attribute name="bundle-version" value="0.0.1.201904180855" type="Version"/>
      <attribute name="osgi.wiring.host" value="org.verimag.orchestrator.orch-app"/>
    </capability>
    <capability namespace="osgi.content">
      <attribute name="size" value="3082" type="Long"/>
      <attribute name="url" value="file:/home/baouyaa/EclipseLunaOSGI/Photon/workspace/org.verimag.orchestrator/orchestrator/orch-app/target/orch-app-0.0.1-SNAPSHOT.jar"/>
      <attribute name="mime" value="application/vnd.osgi.bundle"/>
      <attribute name="osgi.content" value="A96162BD3C2FE88A00F984F2E220AB8A807351567E00F637BA366ABA6EAD35BC"/>
    </capability>
    <requirement namespace="osgi.extender">
      <directive name="filter" value="(&amp;(osgi.extender=osgi.configurator)(version&gt;=1.0.0)(!(version&gt;=2.0.0)))"/>
    </requirement>
    <requirement namespace="osgi.ee">
      <directive name="filter" value="(&amp;(osgi.ee=JavaSE)(version=1.8))"/>
    </requirement>
  </resource>
</repository>
